Jul-03 12:50:26.477 [main] DEBUG nextflow.cli.Launcher - $> nextflow run main.nf -profile singularity
Jul-03 12:50:26.648 [main] INFO  nextflow.cli.CmdRun - N E X T F L O W  ~  version 23.10.0
Jul-03 12:50:26.694 [main] DEBUG nextflow.plugin.PluginsFacade - Setting up plugin manager > mode=prod; embedded=false; plugins-dir=/software/projects/fl3/jdavis/.nextflow/plugins; core-plugins: nf-amazon@2.1.4,nf-azure@1.3.2,nf-cloudcache@0.3.0,nf-codecommit@0.1.5,nf-console@1.0.6,nf-ga4gh@1.1.0,nf-google@1.8.3,nf-tower@1.6.3,nf-wave@1.0.0
Jul-03 12:50:26.719 [main] INFO  o.pf4j.DefaultPluginStatusProvider - Enabled plugins: []
Jul-03 12:50:26.720 [main] INFO  o.pf4j.DefaultPluginStatusProvider - Disabled plugins: []
Jul-03 12:50:26.724 [main] INFO  org.pf4j.DefaultPluginManager - PF4J version 3.4.1 in 'deployment' mode
Jul-03 12:50:26.740 [main] INFO  org.pf4j.AbstractPluginManager - No plugins
Jul-03 12:50:26.764 [main] DEBUG nextflow.config.ConfigBuilder - Found config local: /scratch/fl3/jdavis/pipeline/nextflow.config
Jul-03 12:50:26.766 [main] DEBUG nextflow.config.ConfigBuilder - Parsing config file: /scratch/fl3/jdavis/pipeline/nextflow.config
Jul-03 12:50:26.819 [main] DEBUG nextflow.config.ConfigBuilder - Applying config profile: `singularity`
Jul-03 12:50:28.809 [main] DEBUG nextflow.config.ConfigBuilder - Available config profiles: [singularity, pawsey_setonix, local]
Jul-03 12:50:28.859 [main] DEBUG nextflow.cli.CmdRun - Applied DSL=2 from script declararion
Jul-03 12:50:28.884 [main] INFO  nextflow.cli.CmdRun - Launching `main.nf` [naughty_monod] DSL2 - revision: 88509f78fa
Jul-03 12:50:28.885 [main] DEBUG nextflow.plugin.PluginsFacade - Plugins declared=[nf-validation]
Jul-03 12:50:28.886 [main] DEBUG nextflow.plugin.PluginsFacade - Plugins default=[]
Jul-03 12:50:28.886 [main] DEBUG nextflow.plugin.PluginsFacade - Plugins resolved requirement=[nf-validation]
Jul-03 12:50:28.886 [main] DEBUG nextflow.plugin.PluginUpdater - Installing plugin nf-validation version: latest
Jul-03 12:50:29.859 [main] INFO  nextflow.plugin.PluginUpdater - Downloading plugin nf-validation@1.1.3
Jul-03 12:50:31.925 [main] INFO  org.pf4j.util.FileUtils - Expanded plugin zip 'nf-validation-1.1.3.zip' in 'nf-validation-1.1.3'
Jul-03 12:50:31.928 [main] DEBUG nextflow.plugin.PluginUpdater - Failed atomic move for plugin /tmp/pf4j-update-downloader1638266450848473552/nf-validation-1.1.3 -> /software/projects/fl3/jdavis/.nextflow/plugins/nf-validation-1.1.3 - Reason: /tmp/pf4j-update-downloader1638266450848473552/nf-validation-1.1.3 -> /software/projects/fl3/jdavis/.nextflow/plugins/nf-validation-1.1.3: Invalid cross-device link - Fallback on safe move
Jul-03 12:50:32.015 [main] INFO  org.pf4j.AbstractPluginManager - Plugin 'nf-validation@1.1.3' resolved
Jul-03 12:50:32.016 [main] INFO  org.pf4j.AbstractPluginManager - Start plugin 'nf-validation@1.1.3'
Jul-03 12:50:32.032 [main] DEBUG nextflow.plugin.BasePlugin - Plugin started nf-validation@1.1.3
Jul-03 12:50:32.050 [main] DEBUG n.secret.LocalSecretsProvider - Secrets store: /software/projects/fl3/jdavis/.nextflow/secrets/store.json
Jul-03 12:50:32.056 [main] DEBUG nextflow.secret.SecretsLoader - Discovered secrets providers: [nextflow.secret.LocalSecretsProvider@3b7c58e7] - activable => nextflow.secret.LocalSecretsProvider@3b7c58e7
Jul-03 12:50:32.136 [main] DEBUG nextflow.Session - Session UUID: d8c2bb85-6bcb-4eb2-a90d-149337a59632
Jul-03 12:50:32.137 [main] DEBUG nextflow.Session - Run name: naughty_monod
Jul-03 12:50:32.137 [main] DEBUG nextflow.Session - Executor pool size: 2
Jul-03 12:50:32.154 [main] DEBUG nextflow.file.FilePorter - File porter settings maxRetries=3; maxTransfers=50; pollTimeout=null
Jul-03 12:50:32.159 [main] DEBUG nextflow.util.ThreadPoolBuilder - Creating thread pool 'FileTransfer' minSize=10; maxSize=10; workQueue=LinkedBlockingQueue[10000]; allowCoreThreadTimeout=false
Jul-03 12:50:32.204 [main] DEBUG nextflow.cli.CmdRun - 
  Version: 23.10.0 build 5889
  Created: 15-10-2023 15:07 UTC (23:07 AWDT)
  System: Linux 5.14.21-150400.24.46_12.0.73-cray_shasta_c
  Runtime: Groovy 3.0.19 on OpenJDK 64-Bit Server VM 17.0.8.1+1
  Encoding: UTF-8 (UTF-8)
  Process: 17853@nid002025 [10.253.133.3]
  CPUs: 2 - Mem: 1.8 GB (1.6 GB) - Swap: 0 (0)
Jul-03 12:50:32.258 [main] DEBUG nextflow.Session - Work-dir: /scratch/fl3/jdavis/pipeline/work [lustre]
Jul-03 12:50:32.259 [main] DEBUG nextflow.Session - Script base path does not exist or is not a directory: /scratch/fl3/jdavis/pipeline/bin
Jul-03 12:50:32.271 [main] DEBUG nextflow.executor.ExecutorFactory - Extension executors providers=[]
Jul-03 12:50:32.285 [main] DEBUG nextflow.Session - Observer factory: DefaultObserverFactory
Jul-03 12:50:32.340 [main] DEBUG nextflow.cache.CacheFactory - Using Nextflow cache factory: nextflow.cache.DefaultCacheFactory
Jul-03 12:50:32.358 [main] DEBUG nextflow.util.CustomThreadPool - Creating default thread pool > poolSize: 3; maxThreads: 1000
Jul-03 12:50:32.529 [main] DEBUG nextflow.Session - Session start
Jul-03 12:50:32.669 [main] DEBUG nextflow.script.ScriptRunner - Parsed script files:
Jul-03 12:50:32.677 [main] ERROR nextflow.cli.Launcher - Script compilation error
- file : /scratch/fl3/jdavis/pipeline/main.nf
- cause: The LHS of an assignment should be a variable or a field accessing expression @ line 13, column 1.
   params.nanopore-reads = '' //User input nanopore read fastqc files
   ^

1 error

nextflow.exception.ScriptCompilationException: Script compilation error
- file : /scratch/fl3/jdavis/pipeline/main.nf
- cause: The LHS of an assignment should be a variable or a field accessing expression @ line 13, column 1.
   params.nanopore-reads = '' //User input nanopore read fastqc files
   ^

1 error

	at nextflow.script.ScriptParser.parse0(ScriptParser.groovy:196)
	at nextflow.script.ScriptParser.parse(ScriptParser.groovy:206)
	at nextflow.script.ScriptRunner.parseScript(ScriptRunner.groovy:228)
	at nextflow.script.ScriptRunner.execute(ScriptRunner.groovy:135)
	at nextflow.cli.CmdRun.run(CmdRun.groovy:372)
	at nextflow.cli.Launcher.run(Launcher.groovy:499)
	at nextflow.cli.Launcher.main(Launcher.groovy:670)
Caused by: org.codehaus.groovy.control.MultipleCompilationErrorsException: startup failed:
Script_c0c5d9dbe1cc108d: 13: The LHS of an assignment should be a variable or a field accessing expression @ line 13, column 1.
   params.nanopore-reads = '' //User input nanopore read fastqc files
   ^

1 error

	at org.codehaus.groovy.control.ErrorCollector.failIfErrors(ErrorCollector.java:292)
	at org.codehaus.groovy.control.ErrorCollector.addFatalError(ErrorCollector.java:148)
	at org.apache.groovy.parser.antlr4.AstBuilder.collectSyntaxError(AstBuilder.java:4321)
	at org.apache.groovy.parser.antlr4.AstBuilder.createParsingFailedException(AstBuilder.java:4300)
	at org.apache.groovy.parser.antlr4.AstBuilder.createParsingFailedException(AstBuilder.java:4257)
	at org.apache.groovy.parser.antlr4.AstBuilder.visitAssignmentExprAlt(AstBuilder.java:2788)
	at org.apache.groovy.parser.antlr4.AstBuilder.visitAssignmentExprAlt(AstBuilder.java:176)
	at org.apache.groovy.parser.antlr4.GroovyParser$AssignmentExprAltContext.accept(GroovyParser.java:8606)
	at groovyjarjarantlr4.v4.runtime.tree.AbstractParseTreeVisitor.visit(AbstractParseTreeVisitor.java:20)
	at org.apache.groovy.parser.antlr4.AstBuilder.visit(AstBuilder.java:3967)
	at org.apache.groovy.parser.antlr4.AstBuilder.visitCommandExpression(AstBuilder.java:1849)
	at org.apache.groovy.parser.antlr4.AstBuilder.visitCommandExprAlt(AstBuilder.java:1834)
	at org.apache.groovy.parser.antlr4.AstBuilder.visitCommandExprAlt(AstBuilder.java:176)
	at org.apache.groovy.parser.antlr4.GroovyParser$CommandExprAltContext.accept(GroovyParser.java:8053)
	at groovyjarjarantlr4.v4.runtime.tree.AbstractParseTreeVisitor.visitChildren(AbstractParseTreeVisitor.java:48)
	at org.apache.groovy.parser.antlr4.GroovyParserBaseVisitor.visitExpressionStmtAlt(GroovyParserBaseVisitor.java:402)
	at org.apache.groovy.parser.antlr4.GroovyParser$ExpressionStmtAltContext.accept(GroovyParser.java:6756)
	at groovyjarjarantlr4.v4.runtime.tree.AbstractParseTreeVisitor.visitChildren(AbstractParseTreeVisitor.java:48)
	at org.apache.groovy.parser.antlr4.GroovyParserBaseVisitor.visitScriptStatement(GroovyParserBaseVisitor.java:466)
	at org.apache.groovy.parser.antlr4.GroovyParser$ScriptStatementContext.accept(GroovyParser.java:471)
	at groovyjarjarantlr4.v4.runtime.tree.AbstractParseTreeVisitor.visit(AbstractParseTreeVisitor.java:20)
	at org.apache.groovy.parser.antlr4.AstBuilder.visit(AstBuilder.java:3967)
	at org.apache.groovy.parser.antlr4.AstBuilder.lambda$visitScriptStatements$0(AstBuilder.java:321)
	at java.base/java.util.stream.ReferencePipeline$3$1.accept(ReferencePipeline.java:197)
	at java.base/java.util.ArrayList$ArrayListSpliterator.forEachRemaining(ArrayList.java:1625)
	at java.base/java.util.stream.AbstractPipeline.copyInto(AbstractPipeline.java:509)
	at java.base/java.util.stream.AbstractPipeline.wrapAndCopyInto(AbstractPipeline.java:499)
	at java.base/java.util.stream.ReduceOps$ReduceOp.evaluateSequential(ReduceOps.java:921)
	at java.base/java.util.stream.AbstractPipeline.evaluate(AbstractPipeline.java:234)
	at java.base/java.util.stream.ReferencePipeline.collect(ReferencePipeline.java:682)
	at org.apache.groovy.parser.antlr4.AstBuilder.visitScriptStatements(AstBuilder.java:322)
	at org.apache.groovy.parser.antlr4.AstBuilder.visitCompilationUnit(AstBuilder.java:279)
	at org.apache.groovy.parser.antlr4.AstBuilder.visitCompilationUnit(AstBuilder.java:176)
	at org.apache.groovy.parser.antlr4.GroovyParser$CompilationUnitContext.accept(GroovyParser.java:317)
	at groovyjarjarantlr4.v4.runtime.tree.AbstractParseTreeVisitor.visit(AbstractParseTreeVisitor.java:20)
	at org.apache.groovy.parser.antlr4.AstBuilder.visit(AstBuilder.java:3967)
	at org.apache.groovy.parser.antlr4.AstBuilder.buildAST(AstBuilder.java:269)
	at org.apache.groovy.parser.antlr4.Antlr4ParserPlugin.buildAST(Antlr4ParserPlugin.java:58)
	at org.codehaus.groovy.control.SourceUnit.buildAST(SourceUnit.java:256)
	at java.base/java.util.Iterator.forEachRemaining(Iterator.java:133)
	at java.base/java.util.Spliterators$IteratorSpliterator.forEachRemaining(Spliterators.java:1845)
	at java.base/java.util.stream.ReferencePipeline$Head.forEach(ReferencePipeline.java:762)
	at org.codehaus.groovy.control.CompilationUnit.buildASTs(CompilationUnit.java:667)
	at org.codehaus.groovy.control.CompilationUnit.compile(CompilationUnit.java:633)
	at groovy.lang.GroovyClassLoader.doParseClass(GroovyClassLoader.java:389)
	at groovy.lang.GroovyClassLoader.lambda$parseClass$3(GroovyClassLoader.java:332)
	at org.codehaus.groovy.runtime.memoize.StampedCommonCache.compute(StampedCommonCache.java:163)
	at org.codehaus.groovy.runtime.memoize.StampedCommonCache.getAndPut(StampedCommonCache.java:154)
	at groovy.lang.GroovyClassLoader.parseClass(GroovyClassLoader.java:330)
	at groovy.lang.GroovyShell.parseClass(GroovyShell.java:526)
	at groovy.lang.GroovyShell.parse(GroovyShell.java:538)
	at groovy.lang.GroovyShell.parse(GroovyShell.java:570)
	at nextflow.script.ScriptParser.parse0(ScriptParser.groovy:175)
	... 6 common frames omitted
